# JRE version: OpenJDK Runtime Environment (15.0.2+7) (build 15.0.2+7-27)
# Java VM: OpenJDK 64-Bit Server VM (15.0.2+7-27, mixed mode, tiered, compressed oops, g1 gc, windows-amd64)
GC Precious Log:
 CPUs: 8 total, 8 available
 Memory: 8071M
 Large Page Support: Disabled
 NUMA Support: Disabled
 Compressed Oops: Enabled (32-bit)
 Heap Region Size: 1M
 Heap Min Capacity: 8M
 Heap Initial Capacity: 128M
 Heap Max Capacity: 2018M
 Pre-touch: Disabled
 Parallel Workers: 8
 Concurrent Workers: 2
 Concurrent Refinement Workers: 8
 Periodic GC: Disabled
Heap:
 garbage-first heap   total 131072K, used 53111K [0x0000000081e00000, 0x0000000100000000)
  region size 1024K, 53 young (54272K), 1 survivors (1024K)
 Metaspace       used 7822K, capacity 7947K, committed 8192K, reserved 1056768K
  class space    used 675K, capacity 729K, committed 768K, reserved 1048576K
GC Heap History (8 events):
Event: 25.101 GC heap before
{Heap before GC invocations=0 (full 0):
 garbage-first heap   total 131072K, used 23552K [0x0000000081e00000, 0x0000000100000000)
  region size 1024K, 23 young (23552K), 0 survivors (0K)
 Metaspace       used 7734K, capacity 7883K, committed 7936K, reserved 1056768K
  class space    used 674K, capacity 729K, committed 768K, reserved 1048576K
}
Event: 25.103 GC heap after
{Heap after GC invocations=1 (full 0):
 garbage-first heap   total 131072K, used 889K [0x0000000081e00000, 0x0000000100000000)
  region size 1024K, 1 young (1024K), 1 survivors (1024K)
 Metaspace       used 7734K, capacity 7883K, committed 7936K, reserved 1056768K
  class space    used 674K, capacity 729K, committed 768K, reserved 1048576K
}
Event: 55.628 GC heap before
{Heap before GC invocations=1 (full 0):
 garbage-first heap   total 131072K, used 35705K [0x0000000081e00000, 0x0000000100000000)
  region size 1024K, 35 young (35840K), 1 survivors (1024K)
 Metaspace       used 7818K, capacity 7947K, committed 8192K, reserved 1056768K
  class space    used 674K, capacity 729K, committed 768K, reserved 1048576K
}
Event: 55.630 GC heap after
{Heap after GC invocations=2 (full 0):
 garbage-first heap   total 131072K, used 899K [0x0000000081e00000, 0x0000000100000000)
  region size 1024K, 1 young (1024K), 1 survivors (1024K)
 Metaspace       used 7818K, capacity 7947K, committed 8192K, reserved 1056768K
  class space    used 674K, capacity 729K, committed 768K, reserved 1048576K
}
Event: 123.367 GC heap before
{Heap before GC invocations=2 (full 0):
 garbage-first heap   total 131072K, used 77699K [0x0000000081e00000, 0x0000000100000000)
  region size 1024K, 76 young (77824K), 1 survivors (1024K)
 Metaspace       used 7821K, capacity 7947K, committed 8192K, reserved 1056768K
  class space    used 674K, capacity 729K, committed 768K, reserved 1048576K
}
Event: 123.370 GC heap after
{Heap after GC invocations=3 (full 0):
 garbage-first heap   total 131072K, used 895K [0x0000000081e00000, 0x0000000100000000)
  region size 1024K, 1 young (1024K), 1 survivors (1024K)
 Metaspace       used 7821K, capacity 7947K, committed 8192K, reserved 1056768K
  class space    used 674K, capacity 729K, committed 768K, reserved 1048576K
}
Event: 191.009 GC heap before
{Heap before GC invocations=3 (full 0):
 garbage-first heap   total 131072K, used 77695K [0x0000000081e00000, 0x0000000100000000)
  region size 1024K, 76 young (77824K), 1 survivors (1024K)
 Metaspace       used 7822K, capacity 7947K, committed 8192K, reserved 1056768K
  class space    used 675K, capacity 729K, committed 768K, reserved 1048576K
}
Event: 191.011 GC heap after
{Heap after GC invocations=4 (full 0):
 garbage-first heap   total 131072K, used 887K [0x0000000081e00000, 0x0000000100000000)
  region size 1024K, 1 young (1024K), 1 survivors (1024K)
 Metaspace       used 7822K, capacity 7947K, committed 8192K, reserved 1056768K
  class space    used 675K, capacity 729K, committed 768K, reserved 1048576K
}

